0 info it worked if it ends with ok
1 verbose cli [ '/home/sergiouve/.nvm/versions/node/v5.0.0/bin/node',
1 verbose cli   '/home/sergiouve/.nvm/versions/node/v5.0.0/bin/npm',
1 verbose cli   'publish' ]
2 info using npm@3.3.6
3 info using node@v5.0.0
4 verbose publish [ '.' ]
5 silly cache add args [ '.', null ]
6 verbose cache add spec .
7 silly cache add parsed spec Result {
7 silly cache add   raw: '.',
7 silly cache add   scope: null,
7 silly cache add   name: null,
7 silly cache add   rawSpec: '.',
7 silly cache add   spec: '/home/sergiouve/Dev/node_workspace/blockgen',
7 silly cache add   type: 'directory' }
8 verbose addLocalDirectory /home/sergiouve/.npm/blockgen/0.0.1/package.tgz not in flight; packing
9 info lifecycle blockgen@0.0.1~prepublish: blockgen@0.0.1
10 silly lifecycle blockgen@0.0.1~prepublish: no script for prepublish, continuing
11 verbose tar pack [ '/home/sergiouve/.npm/blockgen/0.0.1/package.tgz',
11 verbose tar pack   '/home/sergiouve/Dev/node_workspace/blockgen' ]
12 verbose tarball /home/sergiouve/.npm/blockgen/0.0.1/package.tgz
13 verbose folder /home/sergiouve/Dev/node_workspace/blockgen
14 verbose addLocalTarball adding from inside cache /home/sergiouve/.npm/blockgen/0.0.1/package.tgz
15 silly cache afterAdd blockgen@0.0.1
16 verbose afterAdd /home/sergiouve/.npm/blockgen/0.0.1/package/package.json not in flight; writing
17 verbose afterAdd /home/sergiouve/.npm/blockgen/0.0.1/package/package.json written
18 silly publish { name: 'blockgen',
18 silly publish   version: '0.0.1',
18 silly publish   description: 'CLI tool for quick Fishh blocks bootstrapping',
18 silly publish   main: 'index.js',
18 silly publish   bin: { blockgen: './index.js' },
18 silly publish   scripts: { test: 'blockgen' },
18 silly publish   repository:
18 silly publish    { type: 'git',
18 silly publish      url: 'git+https://github.com/sergiouve/blockgen.git' },
18 silly publish   author:
18 silly publish    { name: 'sergiouve',
18 silly publish      email: 'sergiouve@gmail.com',
18 silly publish      url: 'https://github.com/sergiouve/' },
18 silly publish   license: 'MIT',
18 silly publish   bugs: { url: 'https://github.com/sergiouve/blockgen/issues' },
18 silly publish   homepage: 'https://github.com/sergiouve/blockgen#readme',
18 silly publish   dependencies: { commander: '^2.9.0' },
18 silly publish   gitHead: 'c7f638d62cd25d9ede691c5a9b8d81ce78ecad2e',
18 silly publish   readme: 'ERROR: No README data found!',
18 silly publish   _id: 'blockgen@0.0.1',
18 silly publish   _shasum: 'b051005d3eb94b209c08ba1576794cb83e952aa2',
18 silly publish   _from: '.' }
19 verbose getPublishConfig undefined
20 silly mapToRegistry name blockgen
21 silly mapToRegistry using default registry
22 silly mapToRegistry registry https://registry.npmjs.org/
23 silly mapToRegistry uri https://registry.npmjs.org/blockgen
24 verbose publish registryBase https://registry.npmjs.org/
25 silly publish uploading /home/sergiouve/.npm/blockgen/0.0.1/package.tgz
26 verbose request uri https://registry.npmjs.org/blockgen
27 verbose request sending authorization for write operation
28 info attempt registry request try #1 at 4:32:55 PM
29 verbose request using bearer token for auth
30 verbose request id d1a243872570ac2c
31 http request PUT https://registry.npmjs.org/blockgen
32 http 403 https://registry.npmjs.org/blockgen
33 verbose headers { 'content-type': 'application/json',
33 verbose headers   'cache-control': 'max-age=300',
33 verbose headers   'content-length': '95',
33 verbose headers   'accept-ranges': 'bytes',
33 verbose headers   date: 'Tue, 13 Sep 2016 14:32:56 GMT',
33 verbose headers   via: '1.1 varnish',
33 verbose headers   connection: 'keep-alive',
33 verbose headers   'x-served-by': 'cache-lcy1125-LCY',
33 verbose headers   'x-cache': 'MISS',
33 verbose headers   'x-cache-hits': '0',
33 verbose headers   'x-timer': 'S1473777175.445244,VS0,VE907',
33 verbose headers   vary: 'Accept-Encoding' }
34 verbose request invalidating /home/sergiouve/.npm/registry.npmjs.org/blockgen on PUT
35 error publish Failed PUT 403
36 verbose stack Error: "You cannot publish over the previously published version 0.0.1." : blockgen
36 verbose stack     at makeError (/home/sergiouve/.nvm/versions/node/v5.0.0/lib/node_modules/npm/node_modules/npm-registry-client/lib/request.js:264:12)
36 verbose stack     at CachingRegistryClient.<anonymous> (/home/sergiouve/.nvm/versions/node/v5.0.0/lib/node_modules/npm/node_modules/npm-registry-client/lib/request.js:252:14)
36 verbose stack     at Request._callback (/home/sergiouve/.nvm/versions/node/v5.0.0/lib/node_modules/npm/node_modules/npm-registry-client/lib/request.js:172:14)
36 verbose stack     at Request.self.callback (/home/sergiouve/.nvm/versions/node/v5.0.0/lib/node_modules/npm/node_modules/request/request.js:198:22)
36 verbose stack     at emitTwo (events.js:87:13)
36 verbose stack     at Request.emit (events.js:172:7)
36 verbose stack     at Request.<anonymous> (/home/sergiouve/.nvm/versions/node/v5.0.0/lib/node_modules/npm/node_modules/request/request.js:1063:14)
36 verbose stack     at emitOne (events.js:82:20)
36 verbose stack     at Request.emit (events.js:169:7)
36 verbose stack     at IncomingMessage.<anonymous> (/home/sergiouve/.nvm/versions/node/v5.0.0/lib/node_modules/npm/node_modules/request/request.js:1009:12)
37 verbose statusCode 403
38 verbose pkgid blockgen
39 verbose cwd /home/sergiouve/Dev/node_workspace/blockgen
40 error Linux 4.6.7-200.fc23.x86_64
41 error argv "/home/sergiouve/.nvm/versions/node/v5.0.0/bin/node" "/home/sergiouve/.nvm/versions/node/v5.0.0/bin/npm" "publish"
42 error node v5.0.0
43 error npm  v3.3.6
44 error code E403
45 error "You cannot publish over the previously published version 0.0.1." : blockgen
46 error If you need help, you may report this error at:
46 error     <https://github.com/npm/npm/issues>
47 verbose exit [ 1, true ]
